2012-04-22 16:26:27,157 [http-bio-8080-exec-8] ERROR StackTrace  - Full Stack Trace:
groovy.lang.MissingMethodException: No signature of method: grailsrest.Front.list() is applicable for argument types: () values: []
Possible solutions: list(), list(java.util.Map), is(java.lang.Object), wait(), lock(), find()
	at sun.reflect.NativeConstructorAccessorImpl.newInstance0(Native Method)
	at sun.reflect.NativeConstructorAccessorImpl.newInstance(NativeConstructorAccessorImpl.java:39)
	at sun.reflect.DelegatingConstructorAccessorImpl.newInstance(DelegatingConstructorAccessorImpl.java:27)
	at java.lang.reflect.Constructor.newInstance(Constructor.java:513)
	at com.springsource.loaded.ri.ReflectiveInterceptor.jlrConstructorNewInstance(ReflectiveInterceptor.java:963)
	at org.codehaus.groovy.reflection.CachedConstructor.invoke(CachedConstructor.java:77)
	at org.codehaus.groovy.reflection.CachedConstructor.doConstructorInvoke(CachedConstructor.java:71)
	at org.codehaus.groovy.runtime.callsite.ConstructorSite.callConstructor(ConstructorSite.java:42)
	at org.codehaus.groovy.runtime.callsite.CallSiteArray.defaultCallConstructor(CallSiteArray.java:54)
	at org.codehaus.groovy.runtime.callsite.AbstractCallSite.callConstructor(AbstractCallSite.java:182)
	at org.codehaus.groovy.runtime.callsite.AbstractCallSite.callConstructor(AbstractCallSite.java:194)
	at grailsrest.Front.list(Front.groovy)
	at grailsrest.Front$list.call(Unknown Source)
	at org.codehaus.groovy.runtime.callsite.CallSiteArray.defaultCall(CallSiteArray.java:42)
	at org.codehaus.groovy.runtime.callsite.AbstractCallSite.call(AbstractCallSite.java:108)
	at org.codehaus.groovy.runtime.callsite.AbstractCallSite.call(AbstractCallSite.java:116)
	at grailsrest.FrontController.list(script13351263832251507353621.groovy:15)
	at sun.reflect.NativeMethodAccessorImpl.invoke0(Native Method)
	at sun.reflect.NativeMethodAccessorImpl.invoke(NativeMethodAccessorImpl.java:39)
	at sun.reflect.DelegatingMethodAccessorImpl.invoke(DelegatingMethodAccessorImpl.java:25)
	at java.lang.reflect.Method.invoke(Method.java:597)
	at com.springsource.loaded.ri.ReflectiveInterceptor.jlrMethodInvoke(ReflectiveInterceptor.java:1231)
	at org.codehaus.groovy.reflection.CachedMethod.invoke(CachedMethod.java:90)
	at groovy.lang.MetaMethod.doMethodInvoke(MetaMethod.java:233)
	at groovy.lang.MetaClassImpl.invokeMethod(MetaClassImpl.java:1047)
	at groovy.lang.ExpandoMetaClass.invokeMethod(ExpandoMetaClass.java:1110)
	at groovy.lang.MetaClassImpl.invokeMethod(MetaClassImpl.java:914)
	at groovy.lang.MetaClassImpl.invokeMethod(MetaClassImpl.java:877)
	at groovy.lang.Closure.call(Closure.java:412)
	at groovy.lang.Closure.call(Closure.java:406)
	at org.codehaus.groovy.grails.web.servlet.mvc.MixedGrailsControllerHelper.invoke(MixedGrailsControllerHelper.java:69)
	at org.codehaus.groovy.grails.web.servlet.mvc.AbstractGrailsControllerHelper.handleAction(AbstractGrailsControllerHelper.java:330)
	at org.codehaus.groovy.grails.web.servlet.mvc.AbstractGrailsControllerHelper.executeAction(AbstractGrailsControllerHelper.java:211)
	at org.codehaus.groovy.grails.web.servlet.mvc.AbstractGrailsControllerHelper.handleURI(AbstractGrailsControllerHelper.java:177)
	at org.codehaus.groovy.grails.web.servlet.mvc.AbstractGrailsControllerHelper.handleURI(AbstractGrailsControllerHelper.java:116)
	at org.codehaus.groovy.grails.web.servlet.mvc.SimpleGrailsController.handleRequest(SimpleGrailsController.java:72)
	at org.springframework.web.servlet.mvc.SimpleControllerHandlerAdapter.handle(SimpleControllerHandlerAdapter.java:48)
	at org.codehaus.groovy.grails.web.servlet.GrailsDispatcherServlet.doDispatch(GrailsDispatcherServlet.java:325)
	at org.springframework.web.servlet.DispatcherServlet.doService(DispatcherServlet.java:827)
	at org.springframework.web.servlet.FrameworkServlet.processRequest(FrameworkServlet.java:882)
	at org.springframework.web.servlet.FrameworkServlet.doGet(FrameworkServlet.java:778)
	at javax.servlet.http.HttpServlet.service(HttpServlet.java:621)
	at javax.servlet.http.HttpServlet.service(HttpServlet.java:722)
	at org.apache.catalina.core.ApplicationFilterChain.internalDoFilter(ApplicationFilterChain.java:305)
	at org.apache.catalina.core.ApplicationFilterChain.doFilter(ApplicationFilterChain.java:210)
	at org.springframework.web.filter.OncePerRequestFilter.doFilter(OncePerRequestFilter.java:70)
	at org.apache.catalina.core.ApplicationFilterChain.internalDoFilter(ApplicationFilterChain.java:243)
	at org.apache.catalina.core.ApplicationFilterChain.doFilter(ApplicationFilterChain.java:210)
	at org.springframework.web.filter.OncePerRequestFilter.doFilter(OncePerRequestFilter.java:70)
	at org.apache.catalina.core.ApplicationFilterChain.internalDoFilter(ApplicationFilterChain.java:243)
	at org.apache.catalina.core.ApplicationFilterChain.doFilter(ApplicationFilterChain.java:210)
	at org.springframework.web.filter.OncePerRequestFilter.doFilter(OncePerRequestFilter.java:70)
	at org.apache.catalina.core.ApplicationFilterChain.internalDoFilter(ApplicationFilterChain.java:243)
	at org.apache.catalina.core.ApplicationFilterChain.doFilter(ApplicationFilterChain.java:210)
	at org.apache.catalina.core.ApplicationDispatcher.invoke(ApplicationDispatcher.java:684)
	at org.apache.catalina.core.ApplicationDispatcher.processRequest(ApplicationDispatcher.java:471)
	at org.apache.catalina.core.ApplicationDispatcher.doForward(ApplicationDispatcher.java:402)
	at org.apache.catalina.core.ApplicationDispatcher.forward(ApplicationDispatcher.java:329)
	at org.codehaus.groovy.grails.web.util.WebUtils.forwardRequestForUrlMappingInfo(WebUtils.java:311)
	at org.codehaus.groovy.grails.web.util.WebUtils.forwardRequestForUrlMappingInfo(WebUtils.java:276)
	at org.codehaus.groovy.grails.web.util.WebUtils.forwardRequestForUrlMappingInfo(WebUtils.java:267)
	at org.codehaus.groovy.grails.web.mapping.filter.UrlMappingsFilter.doFilterInternal(UrlMappingsFilter.java:209)
	at org.springframework.web.filter.OncePerRequestFilter.doFilter(OncePerRequestFilter.java:76)
	at org.apache.catalina.core.ApplicationFilterChain.internalDoFilter(ApplicationFilterChain.java:243)
	at org.apache.catalina.core.ApplicationFilterChain.doFilter(ApplicationFilterChain.java:210)
	at org.codehaus.groovy.grails.web.sitemesh.GrailsPageFilter.obtainContent(GrailsPageFilter.java:200)
	at org.codehaus.groovy.grails.web.sitemesh.GrailsPageFilter.doFilter(GrailsPageFilter.java:151)
	at org.apache.catalina.core.ApplicationFilterChain.internalDoFilter(ApplicationFilterChain.java:243)
	at org.apache.catalina.core.ApplicationFilterChain.doFilter(ApplicationFilterChain.java:210)
	at org.codehaus.groovy.grails.web.servlet.mvc.GrailsWebRequestFilter.doFilterInternal(GrailsWebRequestFilter.java:69)
	at org.springframework.web.filter.OncePerRequestFilter.doFilter(OncePerRequestFilter.java:76)
	at org.apache.catalina.core.ApplicationFilterChain.internalDoFilter(ApplicationFilterChain.java:243)
	at org.apache.catalina.core.ApplicationFilterChain.doFilter(ApplicationFilterChain.java:210)
	at org.codehaus.groovy.grails.web.filters.HiddenHttpMethodFilter.doFilterInternal(HiddenHttpMethodFilter.java:69)
	at org.springframework.web.filter.OncePerRequestFilter.doFilter(OncePerRequestFilter.java:76)
	at org.apache.catalina.core.ApplicationFilterChain.internalDoFilter(ApplicationFilterChain.java:243)
	at org.apache.catalina.core.ApplicationFilterChain.doFilter(ApplicationFilterChain.java:210)
	at org.springframework.web.filter.CharacterEncodingFilter.doFilterInternal(CharacterEncodingFilter.java:88)
	at org.springframework.web.filter.OncePerRequestFilter.doFilter(OncePerRequestFilter.java:76)
	at org.springframework.web.filter.DelegatingFilterProxy.invokeDelegate(DelegatingFilterProxy.java:346)
	at org.springframework.web.filter.DelegatingFilterProxy.doFilter(DelegatingFilterProxy.java:259)
	at org.apache.catalina.core.ApplicationFilterChain.internalDoFilter(ApplicationFilterChain.java:243)
	at org.apache.catalina.core.ApplicationFilterChain.doFilter(ApplicationFilterChain.java:210)
	at org.apache.catalina.core.StandardWrapperValve.invoke(StandardWrapperValve.java:224)
	at org.apache.catalina.core.StandardContextValve.invoke(StandardContextValve.java:169)
	at org.apache.catalina.core.StandardHostValve.invoke(StandardHostValve.java:168)
	at org.apache.catalina.valves.ErrorReportValve.invoke(ErrorReportValve.java:98)
	at org.apache.catalina.core.StandardEngineValve.invoke(StandardEngineValve.java:118)
	at org.apache.catalina.connector.CoyoteAdapter.service(CoyoteAdapter.java:407)
	at org.apache.coyote.http11.AbstractHttp11Processor.process(AbstractHttp11Processor.java:987)
	at org.apache.coyote.AbstractProtocol$AbstractConnectionHandler.process(AbstractProtocol.java:579)
	at org.apache.tomcat.util.net.JIoEndpoint$SocketProcessor.run(JIoEndpoint.java:309)
	at java.util.concurrent.ThreadPoolExecutor$Worker.runTask(ThreadPoolExecutor.java:886)
	at java.util.concurrent.ThreadPoolExecutor$Worker.run(ThreadPoolExecutor.java:908)
	at java.lang.Thread.run(Thread.java:680)
2012-04-22 16:26:27,173 [http-bio-8080-exec-8] ERROR StackTrace  - Full Stack Trace:
groovy.lang.MissingMethodException: No signature of method: grailsrest.Front.list() is applicable for argument types: () values: []
Possible solutions: list(), list(java.util.Map), is(java.lang.Object), wait(), lock(), find()
	at grailsrest.FrontController.list(script13351263832251507353621.groovy:15)
	at java.util.concurrent.ThreadPoolExecutor$Worker.runTask(ThreadPoolExecutor.java:886)
	at java.util.concurrent.ThreadPoolExecutor$Worker.run(ThreadPoolExecutor.java:908)
	at java.lang.Thread.run(Thread.java:680)
2012-04-22 16:26:27,209 [http-bio-8080-exec-8] ERROR StackTrace  - Full Stack Trace:
groovy.lang.MissingMethodException: No signature of method: grailsrest.Front.list() is applicable for argument types: () values: []
Possible solutions: list(), list(java.util.Map), is(java.lang.Object), wait(), lock(), find()
	at grailsrest.FrontController.list(script13351263832251507353621.groovy:15)
	at java.util.concurrent.ThreadPoolExecutor$Worker.runTask(ThreadPoolExecutor.java:886)
	at java.util.concurrent.ThreadPoolExecutor$Worker.run(ThreadPoolExecutor.java:908)
	at java.lang.Thread.run(Thread.java:680)
2012-04-22 16:26:27,215 [http-bio-8080-exec-8] ERROR StackTrace  - Full Stack Trace:
groovy.lang.MissingMethodException: No signature of method: grailsrest.Front.list() is applicable for argument types: () values: []
Possible solutions: list(), list(java.util.Map), is(java.lang.Object), wait(), lock(), find()
	at grailsrest.FrontController.list(script13351263832251507353621.groovy:15)
	at java.util.concurrent.ThreadPoolExecutor$Worker.runTask(ThreadPoolExecutor.java:886)
	at java.util.concurrent.ThreadPoolExecutor$Worker.run(ThreadPoolExecutor.java:908)
	at java.lang.Thread.run(Thread.java:680)
2012-04-22 16:26:27,229 [http-bio-8080-exec-8] ERROR StackTrace  - Full Stack Trace:
groovy.lang.MissingMethodException: No signature of method: grailsrest.Front.list() is applicable for argument types: () values: []
Possible solutions: list(), list(java.util.Map), is(java.lang.Object), wait(), lock(), find()
	at grailsrest.FrontController.list(script13351263832251507353621.groovy:15)
	at java.util.concurrent.ThreadPoolExecutor$Worker.runTask(ThreadPoolExecutor.java:886)
	at java.util.concurrent.ThreadPoolExecutor$Worker.run(ThreadPoolExecutor.java:908)
	at java.lang.Thread.run(Thread.java:680)
2012-04-22 16:26:27,236 [http-bio-8080-exec-8] ERROR StackTrace  - Full Stack Trace:
groovy.lang.MissingMethodException: No signature of method: grailsrest.Front.list() is applicable for argument types: () values: []
Possible solutions: list(), list(java.util.Map), is(java.lang.Object), wait(), lock(), find()
	at grailsrest.FrontController.list(script13351263832251507353621.groovy:15)
	at java.util.concurrent.ThreadPoolExecutor$Worker.runTask(ThreadPoolExecutor.java:886)
	at java.util.concurrent.ThreadPoolExecutor$Worker.run(ThreadPoolExecutor.java:908)
	at java.lang.Thread.run(Thread.java:680)
2012-04-22 16:28:28,555 [http-bio-8080-exec-9] ERROR StackTrace  - Full Stack Trace:
groovy.lang.MissingMethodException: No signature of method: grailsrest.Front.list() is applicable for argument types: () values: []
Possible solutions: list(), list(java.util.Map), is(java.lang.Object), wait(), lock(), find()
	at sun.reflect.NativeConstructorAccessorImpl.newInstance0(Native Method)
	at sun.reflect.NativeConstructorAccessorImpl.newInstance(NativeConstructorAccessorImpl.java:39)
	at sun.reflect.DelegatingConstructorAccessorImpl.newInstance(DelegatingConstructorAccessorImpl.java:27)
	at java.lang.reflect.Constructor.newInstance(Constructor.java:513)
	at com.springsource.loaded.ri.ReflectiveInterceptor.jlrConstructorNewInstance(ReflectiveInterceptor.java:963)
	at org.codehaus.groovy.reflection.CachedConstructor.invoke(CachedConstructor.java:77)
	at org.codehaus.groovy.reflection.CachedConstructor.doConstructorInvoke(CachedConstructor.java:71)
	at org.codehaus.groovy.runtime.callsite.ConstructorSite.callConstructor(ConstructorSite.java:42)
	at org.codehaus.groovy.runtime.callsite.AbstractCallSite.callConstructor(AbstractCallSite.java:194)
	at grailsrest.Front.list(Front.groovy)
	at grailsrest.Front$list.call(Unknown Source)
	at grailsrest.FrontController.list(script13351263832251507353621.groovy:15)
	at sun.reflect.NativeMethodAccessorImpl.invoke0(Native Method)
	at sun.reflect.NativeMethodAccessorImpl.invoke(NativeMethodAccessorImpl.java:39)
	at sun.reflect.DelegatingMethodAccessorImpl.invoke(DelegatingMethodAccessorImpl.java:25)
	at java.lang.reflect.Method.invoke(Method.java:597)
	at com.springsource.loaded.ri.ReflectiveInterceptor.jlrMethodInvoke(ReflectiveInterceptor.java:1231)
	at org.codehaus.groovy.reflection.CachedMethod.invoke(CachedMethod.java:90)
	at groovy.lang.MetaMethod.doMethodInvoke(MetaMethod.java:233)
	at groovy.lang.MetaClassImpl.invokeMethod(MetaClassImpl.java:1047)
	at groovy.lang.ExpandoMetaClass.invokeMethod(ExpandoMetaClass.java:1110)
	at groovy.lang.MetaClassImpl.invokeMethod(MetaClassImpl.java:914)
	at groovy.lang.MetaClassImpl.invokeMethod(MetaClassImpl.java:877)
	at groovy.lang.Closure.call(Closure.java:412)
	at groovy.lang.Closure.call(Closure.java:406)
	at org.codehaus.groovy.grails.web.servlet.mvc.MixedGrailsControllerHelper.invoke(MixedGrailsControllerHelper.java:69)
	at org.codehaus.groovy.grails.web.servlet.mvc.AbstractGrailsControllerHelper.handleAction(AbstractGrailsControllerHelper.java:330)
	at org.codehaus.groovy.grails.web.servlet.mvc.AbstractGrailsControllerHelper.executeAction(AbstractGrailsControllerHelper.java:211)
	at org.codehaus.groovy.grails.web.servlet.mvc.AbstractGrailsControllerHelper.handleURI(AbstractGrailsControllerHelper.java:177)
	at org.codehaus.groovy.grails.web.servlet.mvc.AbstractGrailsControllerHelper.handleURI(AbstractGrailsControllerHelper.java:116)
	at org.codehaus.groovy.grails.web.servlet.mvc.SimpleGrailsController.handleRequest(SimpleGrailsController.java:72)
	at org.springframework.web.servlet.mvc.SimpleControllerHandlerAdapter.handle(SimpleControllerHandlerAdapter.java:48)
	at org.codehaus.groovy.grails.web.servlet.GrailsDispatcherServlet.doDispatch(GrailsDispatcherServlet.java:325)
	at org.springframework.web.servlet.DispatcherServlet.doService(DispatcherServlet.java:827)
	at org.springframework.web.servlet.FrameworkServlet.processRequest(FrameworkServlet.java:882)
	at org.springframework.web.servlet.FrameworkServlet.doGet(FrameworkServlet.java:778)
	at javax.servlet.http.HttpServlet.service(HttpServlet.java:621)
	at javax.servlet.http.HttpServlet.service(HttpServlet.java:722)
	at org.apache.catalina.core.ApplicationFilterChain.internalDoFilter(ApplicationFilterChain.java:305)
	at org.apache.catalina.core.ApplicationFilterChain.doFilter(ApplicationFilterChain.java:210)
	at org.springframework.web.filter.OncePerRequestFilter.doFilter(OncePerRequestFilter.java:70)
	at org.apache.catalina.core.ApplicationFilterChain.internalDoFilter(ApplicationFilterChain.java:243)
	at org.apache.catalina.core.ApplicationFilterChain.doFilter(ApplicationFilterChain.java:210)
	at org.springframework.web.filter.OncePerRequestFilter.doFilter(OncePerRequestFilter.java:70)
	at org.apache.catalina.core.ApplicationFilterChain.internalDoFilter(ApplicationFilterChain.java:243)
	at org.apache.catalina.core.ApplicationFilterChain.doFilter(ApplicationFilterChain.java:210)
	at org.springframework.web.filter.OncePerRequestFilter.doFilter(OncePerRequestFilter.java:70)
	at org.apache.catalina.core.ApplicationFilterChain.internalDoFilter(ApplicationFilterChain.java:243)
	at org.apache.catalina.core.ApplicationFilterChain.doFilter(ApplicationFilterChain.java:210)
	at org.apache.catalina.core.ApplicationDispatcher.invoke(ApplicationDispatcher.java:684)
	at org.apache.catalina.core.ApplicationDispatcher.processRequest(ApplicationDispatcher.java:471)
	at org.apache.catalina.core.ApplicationDispatcher.doForward(ApplicationDispatcher.java:402)
	at org.apache.catalina.core.ApplicationDispatcher.forward(ApplicationDispatcher.java:329)
	at org.codehaus.groovy.grails.web.util.WebUtils.forwardRequestForUrlMappingInfo(WebUtils.java:311)
	at org.codehaus.groovy.grails.web.util.WebUtils.forwardRequestForUrlMappingInfo(WebUtils.java:276)
	at org.codehaus.groovy.grails.web.util.WebUtils.forwardRequestForUrlMappingInfo(WebUtils.java:267)
	at org.codehaus.groovy.grails.web.mapping.filter.UrlMappingsFilter.doFilterInternal(UrlMappingsFilter.java:209)
	at org.springframework.web.filter.OncePerRequestFilter.doFilter(OncePerRequestFilter.java:76)
	at org.apache.catalina.core.ApplicationFilterChain.internalDoFilter(ApplicationFilterChain.java:243)
	at org.apache.catalina.core.ApplicationFilterChain.doFilter(ApplicationFilterChain.java:210)
	at org.codehaus.groovy.grails.web.sitemesh.GrailsPageFilter.obtainContent(GrailsPageFilter.java:200)
	at org.codehaus.groovy.grails.web.sitemesh.GrailsPageFilter.doFilter(GrailsPageFilter.java:151)
	at org.apache.catalina.core.ApplicationFilterChain.internalDoFilter(ApplicationFilterChain.java:243)
	at org.apache.catalina.core.ApplicationFilterChain.doFilter(ApplicationFilterChain.java:210)
	at org.codehaus.groovy.grails.web.servlet.mvc.GrailsWebRequestFilter.doFilterInternal(GrailsWebRequestFilter.java:69)
	at org.springframework.web.filter.OncePerRequestFilter.doFilter(OncePerRequestFilter.java:76)
	at org.apache.catalina.core.ApplicationFilterChain.internalDoFilter(ApplicationFilterChain.java:243)
	at org.apache.catalina.core.ApplicationFilterChain.doFilter(ApplicationFilterChain.java:210)
	at org.codehaus.groovy.grails.web.filters.HiddenHttpMethodFilter.doFilterInternal(HiddenHttpMethodFilter.java:69)
	at org.springframework.web.filter.OncePerRequestFilter.doFilter(OncePerRequestFilter.java:76)
	at org.apache.catalina.core.ApplicationFilterChain.internalDoFilter(ApplicationFilterChain.java:243)
	at org.apache.catalina.core.ApplicationFilterChain.doFilter(ApplicationFilterChain.java:210)
	at org.springframework.web.filter.CharacterEncodingFilter.doFilterInternal(CharacterEncodingFilter.java:88)
	at org.springframework.web.filter.OncePerRequestFilter.doFilter(OncePerRequestFilter.java:76)
	at org.springframework.web.filter.DelegatingFilterProxy.invokeDelegate(DelegatingFilterProxy.java:346)
	at org.springframework.web.filter.DelegatingFilterProxy.doFilter(DelegatingFilterProxy.java:259)
	at org.apache.catalina.core.ApplicationFilterChain.internalDoFilter(ApplicationFilterChain.java:243)
	at org.apache.catalina.core.ApplicationFilterChain.doFilter(ApplicationFilterChain.java:210)
	at org.apache.catalina.core.StandardWrapperValve.invoke(StandardWrapperValve.java:224)
	at org.apache.catalina.core.StandardContextValve.invoke(StandardContextValve.java:169)
	at org.apache.catalina.core.StandardHostValve.invoke(StandardHostValve.java:168)
	at org.apache.catalina.valves.ErrorReportValve.invoke(ErrorReportValve.java:98)
	at org.apache.catalina.core.StandardEngineValve.invoke(StandardEngineValve.java:118)
	at org.apache.catalina.connector.CoyoteAdapter.service(CoyoteAdapter.java:407)
	at org.apache.coyote.http11.AbstractHttp11Processor.process(AbstractHttp11Processor.java:987)
	at org.apache.coyote.AbstractProtocol$AbstractConnectionHandler.process(AbstractProtocol.java:579)
	at org.apache.tomcat.util.net.JIoEndpoint$SocketProcessor.run(JIoEndpoint.java:309)
	at java.util.concurrent.ThreadPoolExecutor$Worker.runTask(ThreadPoolExecutor.java:886)
	at java.util.concurrent.ThreadPoolExecutor$Worker.run(ThreadPoolExecutor.java:908)
	at java.lang.Thread.run(Thread.java:680)
2012-04-22 16:28:28,557 [http-bio-8080-exec-9] ERROR StackTrace  - Full Stack Trace:
groovy.lang.MissingMethodException: No signature of method: grailsrest.Front.list() is applicable for argument types: () values: []
Possible solutions: list(), list(java.util.Map), is(java.lang.Object), wait(), lock(), find()
	at grailsrest.FrontController.list(script13351263832251507353621.groovy:15)
	at java.util.concurrent.ThreadPoolExecutor$Worker.runTask(ThreadPoolExecutor.java:886)
	at java.util.concurrent.ThreadPoolExecutor$Worker.run(ThreadPoolExecutor.java:908)
	at java.lang.Thread.run(Thread.java:680)
2012-04-22 16:28:28,560 [http-bio-8080-exec-9] ERROR StackTrace  - Full Stack Trace:
groovy.lang.MissingMethodException: No signature of method: grailsrest.Front.list() is applicable for argument types: () values: []
Possible solutions: list(), list(java.util.Map), is(java.lang.Object), wait(), lock(), find()
	at grailsrest.FrontController.list(script13351263832251507353621.groovy:15)
	at java.util.concurrent.ThreadPoolExecutor$Worker.runTask(ThreadPoolExecutor.java:886)
	at java.util.concurrent.ThreadPoolExecutor$Worker.run(ThreadPoolExecutor.java:908)
	at java.lang.Thread.run(Thread.java:680)
2012-04-22 16:28:28,561 [http-bio-8080-exec-9] ERROR StackTrace  - Full Stack Trace:
groovy.lang.MissingMethodException: No signature of method: grailsrest.Front.list() is applicable for argument types: () values: []
Possible solutions: list(), list(java.util.Map), is(java.lang.Object), wait(), lock(), find()
	at grailsrest.FrontController.list(script13351263832251507353621.groovy:15)
	at java.util.concurrent.ThreadPoolExecutor$Worker.runTask(ThreadPoolExecutor.java:886)
	at java.util.concurrent.ThreadPoolExecutor$Worker.run(ThreadPoolExecutor.java:908)
	at java.lang.Thread.run(Thread.java:680)
2012-04-22 16:28:28,562 [http-bio-8080-exec-9] ERROR StackTrace  - Full Stack Trace:
groovy.lang.MissingMethodException: No signature of method: grailsrest.Front.list() is applicable for argument types: () values: []
Possible solutions: list(), list(java.util.Map), is(java.lang.Object), wait(), lock(), find()
	at grailsrest.FrontController.list(script13351263832251507353621.groovy:15)
	at java.util.concurrent.ThreadPoolExecutor$Worker.runTask(ThreadPoolExecutor.java:886)
	at java.util.concurrent.ThreadPoolExecutor$Worker.run(ThreadPoolExecutor.java:908)
	at java.lang.Thread.run(Thread.java:680)
2012-04-22 16:28:28,563 [http-bio-8080-exec-9] ERROR StackTrace  - Full Stack Trace:
groovy.lang.MissingMethodException: No signature of method: grailsrest.Front.list() is applicable for argument types: () values: []
Possible solutions: list(), list(java.util.Map), is(java.lang.Object), wait(), lock(), find()
	at grailsrest.FrontController.list(script13351263832251507353621.groovy:15)
	at java.util.concurrent.ThreadPoolExecutor$Worker.runTask(ThreadPoolExecutor.java:886)
	at java.util.concurrent.ThreadPoolExecutor$Worker.run(ThreadPoolExecutor.java:908)
	at java.lang.Thread.run(Thread.java:680)
